# JRE version: OpenJDK Runtime Environment (11.0.11+9) (build 11.0.11+9-b60-7590822)
# Java VM: OpenJDK 64-Bit Server VM (11.0.11+9-b60-7590822, mixed mode, tiered, compressed oops, g1 gc, windows-amd64)
Heap:
 garbage-first heap   total 77824K, used 46622K [0x00000000c2a00000, 0x0000000100000000)
  region size 1024K, 28 young (28672K), 4 survivors (4096K)
 Metaspace       used 45253K, capacity 45797K, committed 46080K, reserved 1089536K
  class space    used 5341K, capacity 5543K, committed 5632K, reserved 1048576K
GC Heap History (14 events):
Event: 0.600 GC heap before
{Heap before GC invocations=0 (full 0):
 garbage-first heap   total 63488K, used 17408K [0x00000000c2a00000, 0x0000000100000000)
  region size 1024K, 14 young (14336K), 0 survivors (0K)
 Metaspace       used 9802K, capacity 9874K, committed 10112K, reserved 1058816K
  class space    used 838K, capacity 885K, committed 896K, reserved 1048576K
}
Event: 0.605 GC heap after
{Heap after GC invocations=1 (full 0):
 garbage-first heap   total 63488K, used 5213K [0x00000000c2a00000, 0x0000000100000000)
  region size 1024K, 2 young (2048K), 2 survivors (2048K)
 Metaspace       used 9802K, capacity 9874K, committed 10112K, reserved 1058816K
  class space    used 838K, capacity 885K, committed 896K, reserved 1048576K
}
Event: 2.256 GC heap before
{Heap before GC invocations=1 (full 0):
 garbage-first heap   total 63488K, used 41053K [0x00000000c2a00000, 0x0000000100000000)
  region size 1024K, 37 young (37888K), 2 survivors (2048K)
 Metaspace       used 18321K, capacity 18542K, committed 18688K, reserved 1067008K
  class space    used 1863K, capacity 1973K, committed 2048K, reserved 1048576K
}
Event: 2.274 GC heap after
{Heap after GC invocations=2 (full 0):
 garbage-first heap   total 63488K, used 8561K [0x00000000c2a00000, 0x0000000100000000)
  region size 1024K, 5 young (5120K), 5 survivors (5120K)
 Metaspace       used 18321K, capacity 18542K, committed 18688K, reserved 1067008K
  class space    used 1863K, capacity 1973K, committed 2048K, reserved 1048576K
}
Event: 2.567 GC heap before
{Heap before GC invocations=2 (full 0):
 garbage-first heap   total 63488K, used 16753K [0x00000000c2a00000, 0x0000000100000000)
  region size 1024K, 14 young (14336K), 5 survivors (5120K)
 Metaspace       used 20831K, capacity 21054K, committed 21248K, reserved 1069056K
  class space    used 2197K, capacity 2280K, committed 2304K, reserved 1048576K
}
Event: 2.591 GC heap after
{Heap after GC invocations=3 (full 0):
 garbage-first heap   total 63488K, used 9395K [0x00000000c2a00000, 0x0000000100000000)
  region size 1024K, 1 young (1024K), 1 survivors (1024K)
 Metaspace       used 20831K, capacity 21054K, committed 21248K, reserved 1069056K
  class space    used 2197K, capacity 2280K, committed 2304K, reserved 1048576K
}
Event: 3.681 GC heap before
{Heap before GC invocations=4 (full 0):
 garbage-first heap   total 63488K, used 33971K [0x00000000c2a00000, 0x0000000100000000)
  region size 1024K, 22 young (22528K), 1 survivors (1024K)
 Metaspace       used 27156K, capacity 27603K, committed 27648K, reserved 1073152K
  class space    used 2913K, capacity 3071K, committed 3072K, reserved 1048576K
}
Event: 3.688 GC heap after
{Heap after GC invocations=5 (full 0):
 garbage-first heap   total 63488K, used 14028K [0x00000000c2a00000, 0x0000000100000000)
  region size 1024K, 3 young (3072K), 3 survivors (3072K)
 Metaspace       used 27156K, capacity 27603K, committed 27648K, reserved 1073152K
  class space    used 2913K, capacity 3071K, committed 3072K, reserved 1048576K
}
Event: 4.362 GC heap before
{Heap before GC invocations=5 (full 0):
 garbage-first heap   total 63488K, used 38604K [0x00000000c2a00000, 0x0000000100000000)
  region size 1024K, 25 young (25600K), 3 survivors (3072K)
 Metaspace       used 31233K, capacity 31635K, committed 31744K, reserved 1077248K
  class space    used 3888K, capacity 4053K, committed 4096K, reserved 1048576K
}
Event: 4.382 GC heap after
{Heap after GC invocations=6 (full 0):
 garbage-first heap   total 63488K, used 20023K [0x00000000c2a00000, 0x0000000100000000)
  region size 1024K, 4 young (4096K), 4 survivors (4096K)
 Metaspace       used 31233K, capacity 31635K, committed 31744K, reserved 1077248K
  class space    used 3888K, capacity 4053K, committed 4096K, reserved 1048576K
}
Event: 5.038 GC heap before
{Heap before GC invocations=6 (full 0):
 garbage-first heap   total 63488K, used 36407K [0x00000000c2a00000, 0x0000000100000000)
  region size 1024K, 21 young (21504K), 4 survivors (4096K)
 Metaspace       used 35005K, capacity 35427K, committed 35584K, reserved 1081344K
  class space    used 4328K, capacity 4507K, committed 4608K, reserved 1048576K
}
Event: 5.074 GC heap after
{Heap after GC invocations=7 (full 0):
 garbage-first heap   total 77824K, used 21895K [0x00000000c2a00000, 0x0000000100000000)
  region size 1024K, 2 young (2048K), 2 survivors (2048K)
 Metaspace       used 35005K, capacity 35427K, committed 35584K, reserved 1081344K
  class space    used 4328K, capacity 4507K, committed 4608K, reserved 1048576K
}
Event: 5.904 GC heap before
{Heap before GC invocations=8 (full 0):
 garbage-first heap   total 77824K, used 45447K [0x00000000c2a00000, 0x0000000100000000)
  region size 1024K, 26 young (26624K), 2 survivors (2048K)
 Metaspace       used 39606K, capacity 40033K, committed 40320K, reserved 1085440K
  class space    used 4750K, capacity 4930K, committed 4992K, reserved 1048576K
}
Event: 5.917 GC heap after
{Heap after GC invocations=9 (full 0):
 garbage-first heap   total 77824K, used 24094K [0x00000000c2a00000, 0x0000000100000000)
  region size 1024K, 4 young (4096K), 4 survivors (4096K)
 Metaspace       used 39606K, capacity 40033K, committed 40320K, reserved 1085440K
  class space    used 4750K, capacity 4930K, committed 4992K, reserved 1048576K
}

