# JRE version: OpenJDK Runtime Environment (11.0.11+9) (build 11.0.11+9-b60-7590822)
# Java VM: OpenJDK 64-Bit Server VM (11.0.11+9-b60-7590822, mixed mode, tiered, compressed oops, g1 gc, windows-amd64)
Heap:
 garbage-first heap   total 202752K, used 96492K [0x00000000c2a00000, 0x0000000100000000)
  region size 1024K, 15 young (15360K), 2 survivors (2048K)
 Metaspace       used 73235K, capacity 74059K, committed 74268K, reserved 1116160K
  class space    used 8169K, capacity 8507K, committed 8572K, reserved 1048576K
GC Heap History (20 events):
Event: 64.025 GC heap before
{Heap before GC invocations=41 (full 0):
 garbage-first heap   total 136192K, used 103868K [0x00000000c2a00000, 0x0000000100000000)
  region size 1024K, 31 young (31744K), 3 survivors (3072K)
 Metaspace       used 66055K, capacity 66777K, committed 66972K, reserved 1107968K
  class space    used 7561K, capacity 7866K, committed 7932K, reserved 1048576K
}
Event: 64.079 GC heap after
{Heap after GC invocations=42 (full 0):
 garbage-first heap   total 136192K, used 78710K [0x00000000c2a00000, 0x0000000100000000)
  region size 1024K, 4 young (4096K), 4 survivors (4096K)
 Metaspace       used 66055K, capacity 66777K, committed 66972K, reserved 1107968K
  class space    used 7561K, capacity 7866K, committed 7932K, reserved 1048576K
}
Event: 83.748 GC heap before
{Heap before GC invocations=43 (full 0):
 garbage-first heap   total 136192K, used 107382K [0x00000000c2a00000, 0x0000000100000000)
  region size 1024K, 32 young (32768K), 4 survivors (4096K)
 Metaspace       used 66477K, capacity 67202K, committed 67484K, reserved 1110016K
  class space    used 7573K, capacity 7899K, committed 7932K, reserved 1048576K
}
Event: 85.542 GC heap after
{Heap after GC invocations=44 (full 0):
 garbage-first heap   total 136192K, used 81671K [0x00000000c2a00000, 0x0000000100000000)
  region size 1024K, 3 young (3072K), 3 survivors (3072K)
 Metaspace       used 66477K, capacity 67202K, committed 67484K, reserved 1110016K
  class space    used 7573K, capacity 7899K, committed 7932K, reserved 1048576K
}
Event: 86.052 GC heap before
{Heap before GC invocations=44 (full 0):
 garbage-first heap   total 136192K, used 84743K [0x00000000c2a00000, 0x0000000100000000)
  region size 1024K, 6 young (6144K), 3 survivors (3072K)
 Metaspace       used 66508K, capacity 67202K, committed 67484K, reserved 1110016K
  class space    used 7573K, capacity 7899K, committed 7932K, reserved 1048576K
}
Event: 86.067 GC heap after
{Heap after GC invocations=45 (full 0):
 garbage-first heap   total 136192K, used 82409K [0x00000000c2a00000, 0x0000000100000000)
  region size 1024K, 1 young (1024K), 1 survivors (1024K)
 Metaspace       used 66508K, capacity 67202K, committed 67484K, reserved 1110016K
  class space    used 7573K, capacity 7899K, committed 7932K, reserved 1048576K
}
Event: 86.821 GC heap before
{Heap before GC invocations=46 (full 0):
 garbage-first heap   total 136192K, used 87529K [0x00000000c2a00000, 0x0000000100000000)
  region size 1024K, 6 young (6144K), 1 survivors (1024K)
 Metaspace       used 66767K, capacity 67527K, committed 67740K, reserved 1110016K
  class space    used 7602K, capacity 7901K, committed 7932K, reserved 1048576K
}
Event: 86.827 GC heap after
{Heap after GC invocations=47 (full 0):
 garbage-first heap   total 136192K, used 82604K [0x00000000c2a00000, 0x0000000100000000)
  region size 1024K, 1 young (1024K), 1 survivors (1024K)
 Metaspace       used 66767K, capacity 67527K, committed 67740K, reserved 1110016K
  class space    used 7602K, capacity 7901K, committed 7932K, reserved 1048576K
}
Event: 87.029 GC heap before
{Heap before GC invocations=47 (full 0):
 garbage-first heap   total 136192K, used 87724K [0x00000000c2a00000, 0x0000000100000000)
  region size 1024K, 6 young (6144K), 1 survivors (1024K)
 Metaspace       used 66924K, capacity 67687K, committed 67868K, reserved 1110016K
  class space    used 7608K, capacity 7933K, committed 8060K, reserved 1048576K
}
Event: 87.033 GC heap after
{Heap after GC invocations=48 (full 0):
 garbage-first heap   total 136192K, used 82735K [0x00000000c2a00000, 0x0000000100000000)
  region size 1024K, 1 young (1024K), 1 survivors (1024K)
 Metaspace       used 66924K, capacity 67687K, committed 67868K, reserved 1110016K
  class space    used 7608K, capacity 7933K, committed 8060K, reserved 1048576K
}
Event: 87.241 GC heap before
{Heap before GC invocations=48 (full 0):
 garbage-first heap   total 136192K, used 89903K [0x00000000c2a00000, 0x0000000100000000)
  region size 1024K, 8 young (8192K), 1 survivors (1024K)
 Metaspace       used 67033K, capacity 67815K, committed 68124K, reserved 1110016K
  class space    used 7610K, capacity 7933K, committed 8060K, reserved 1048576K
}
Event: 87.244 GC heap after
{Heap after GC invocations=49 (full 0):
 garbage-first heap   total 136192K, used 82813K [0x00000000c2a00000, 0x0000000100000000)
  region size 1024K, 1 young (1024K), 1 survivors (1024K)
 Metaspace       used 67033K, capacity 67815K, committed 68124K, reserved 1110016K
  class space    used 7610K, capacity 7933K, committed 8060K, reserved 1048576K
}
Event: 87.441 GC heap before
{Heap before GC invocations=49 (full 0):
 garbage-first heap   total 136192K, used 91005K [0x00000000c2a00000, 0x0000000100000000)
  region size 1024K, 9 young (9216K), 1 survivors (1024K)
 Metaspace       used 67116K, capacity 67879K, committed 68124K, reserved 1110016K
  class space    used 7610K, capacity 7933K, committed 8060K, reserved 1048576K
}
Event: 87.446 GC heap after
{Heap after GC invocations=50 (full 0):
 garbage-first heap   total 136192K, used 82887K [0x00000000c2a00000, 0x0000000100000000)
  region size 1024K, 1 young (1024K), 1 survivors (1024K)
 Metaspace       used 67116K, capacity 67879K, committed 68124K, reserved 1110016K
  class space    used 7610K, capacity 7933K, committed 8060K, reserved 1048576K
}
Event: 87.689 GC heap before
{Heap before GC invocations=51 (full 0):
 garbage-first heap   total 136192K, used 92103K [0x00000000c2a00000, 0x0000000100000000)
  region size 1024K, 10 young (10240K), 1 survivors (1024K)
 Metaspace       used 67166K, capacity 67943K, committed 68124K, reserved 1110016K
  class space    used 7610K, capacity 7933K, committed 8060K, reserved 1048576K
}
Event: 87.698 GC heap after
{Heap after GC invocations=52 (full 0):
 garbage-first heap   total 202752K, used 83005K [0x00000000c2a00000, 0x0000000100000000)
  region size 1024K, 1 young (1024K), 1 survivors (1024K)
 Metaspace       used 67166K, capacity 67943K, committed 68124K, reserved 1110016K
  class space    used 7610K, capacity 7933K, committed 8060K, reserved 1048576K
}
Event: 88.654 GC heap before
{Heap before GC invocations=52 (full 0):
 garbage-first heap   total 202752K, used 95293K [0x00000000c2a00000, 0x0000000100000000)
  region size 1024K, 13 young (13312K), 1 survivors (1024K)
 Metaspace       used 68573K, capacity 69300K, committed 69532K, reserved 1110016K
  class space    used 7742K, capacity 8049K, committed 8188K, reserved 1048576K
}
Event: 88.669 GC heap after
{Heap after GC invocations=53 (full 0):
 garbage-first heap   total 202752K, used 83628K [0x00000000c2a00000, 0x0000000100000000)
  region size 1024K, 2 young (2048K), 2 survivors (2048K)
 Metaspace       used 68573K, capacity 69300K, committed 69532K, reserved 1110016K
  class space    used 7742K, capacity 8049K, committed 8188K, reserved 1048576K
}
Event: 89.643 GC heap before
{Heap before GC invocations=53 (full 0):
 garbage-first heap   total 202752K, used 96940K [0x00000000c2a00000, 0x0000000100000000)
  region size 1024K, 16 young (16384K), 2 survivors (2048K)
 Metaspace       used 71497K, capacity 72249K, committed 72348K, reserved 1114112K
  class space    used 8033K, capacity 8350K, committed 8444K, reserved 1048576K
}
Event: 89.657 GC heap after
{Heap after GC invocations=54 (full 0):
 garbage-first heap   total 202752K, used 84204K [0x00000000c2a00000, 0x0000000100000000)
  region size 1024K, 2 young (2048K), 2 survivors (2048K)
 Metaspace       used 71497K, capacity 72249K, committed 72348K, reserved 1114112K
  class space    used 8033K, capacity 8350K, committed 8444K, reserved 1048576K
}

